2025-07-07 12:43:08,003 - INFO - Starting data processing...
2025-07-07 12:43:08,018 - INFO - Database schema created successfully
2025-07-07 12:43:08,019 - ERROR - Error parsing XML: not well-formed (invalid token): line 55, column 65
2025-07-07 12:43:08,019 - INFO - Processing complete: 0 transactions processed, 0 unprocessed
2025-07-07 12:46:28,122 - INFO - Starting data processing...
2025-07-07 12:46:28,125 - INFO - Database schema created successfully
2025-07-07 12:46:28,126 - INFO - Parsed 10 SMS messages from XML
2025-07-07 12:46:28,187 - INFO - Processing complete: 9 transactions processed, 1 unprocessed
2025-07-07 13:01:27,858 - INFO - Starting data processing...
2025-07-07 13:01:27,860 - INFO - Database schema created successfully
2025-07-07 13:01:27,860 - INFO - Parsed 10 SMS messages from XML
2025-07-07 13:01:27,977 - INFO - Processing complete: 9 transactions processed, 1 unprocessed
2025-07-07 13:10:07,660 - INFO - Starting data processing...
2025-07-07 13:10:07,664 - INFO - Database schema created successfully
2025-07-07 13:10:07,669 - INFO - Parsed 10 SMS messages from XML
2025-07-07 13:10:07,855 - INFO - Processing complete: 9 transactions processed, 1 unprocessed
2025-07-12 15:21:16,047 - INFO - Starting data processing...
2025-07-12 15:21:16,049 - INFO - Database schema created successfully
2025-07-12 15:21:16,050 - INFO - Parsed 10 SMS messages from XML
2025-07-12 15:21:16,143 - INFO - Processing complete: 9 transactions processed, 1 unprocessed
